<?xml version="1.0" encoding="UTF-8"?>
<!-- Generated by org.testng.reporters.JUnitReportReporter -->
<testsuite hostname="LAPTOP-UGO3DSVO" failures="0" tests="1" name="com.actitimeproject.testscript.CreateCustomer" time="29.047" errors="0" timestamp="2022-11-25T19:34:37 IST" skipped="0">
  <testcase classname="com.actitimeproject.testscript.CreateCustomer" name="CreatCustomer" time="29.047"/>
  <system-out>
    <![CDATA[createcustomer]]>
  </system-out>
</testsuite> <!-- com.actitimeproject.testscript.CreateCustomer -->
